This is pdfTeX, Version 3.1415926-1.40.10 (TeX Live 2009) (format=pdflatex 2010.4.21)  25 JAN 2012 09:30
entering extended mode
 %&-line parsing enabled.
**B2.tex
(./B2.tex
LaTeX2e <2009/09/24>
Babel <v3.8l> and hyphenation patterns for english, usenglishmax, dumylang, noh
yphenation, german-x-2009-06-19, ngerman-x-2009-06-19, ancientgreek, ibycus, ar
abic, basque, bulgarian, catalan, pinyin, coptic, croatian, czech, danish, dutc
h, esperanto, estonian, farsi, finnish, french, galician, german, ngerman, mono
greek, greek, hungarian, icelandic, indonesian, interlingua, irish, italian, ku
rmanji, latin, latvian, lithuanian, mongolian, mongolian2a, bokmal, nynorsk, po
lish, portuguese, romanian, russian, sanskrit, serbian, slovak, slovenian, span
ish, swedish, turkish, ukenglish, ukrainian, uppersorbian, welsh, loaded.
(/usr/local/texlive/2009/texmf-dist/tex/latex/base/article.cls
Document Class: article 2007/10/19 v1.4h Standard LaTeX document class
(/usr/local/texlive/2009/texmf-dist/tex/latex/base/size11.clo
File: size11.clo 2007/10/19 v1.4h Standard LaTeX file (size option)
)
\c@part=\count79
\c@section=\count80
\c@subsection=\count81
\c@subsubsection=\count82
\c@paragraph=\count83
\c@subparagraph=\count84
\c@figure=\count85
\c@table=\count86
\abovecaptionskip=\skip41
\belowcaptionskip=\skip42
\bibindent=\dimen102
) (./macros.tex
(/usr/local/texlive/2009/texmf-dist/tex/latex/amsmath/amsmath.sty
Package: amsmath 2000/07/18 v2.13 AMS math features
\@mathmargin=\skip43

For additional information on amsmath, use the `?' option.
(/usr/local/texlive/2009/texmf-dist/tex/latex/amsmath/amstext.sty
Package: amstext 2000/06/29 v2.01

(/usr/local/texlive/2009/texmf-dist/tex/latex/amsmath/amsgen.sty
File: amsgen.sty 1999/11/30 v2.0
\@emptytoks=\toks14
\ex@=\dimen103
))
(/usr/local/texlive/2009/texmf-dist/tex/latex/amsmath/amsbsy.sty
Package: amsbsy 1999/11/29 v1.2d
\pmbraise@=\dimen104
)
(/usr/local/texlive/2009/texmf-dist/tex/latex/amsmath/amsopn.sty
Package: amsopn 1999/12/14 v2.01 operator names
)
\inf@bad=\count87
LaTeX Info: Redefining \frac on input line 211.
\uproot@=\count88
\leftroot@=\count89
LaTeX Info: Redefining \overline on input line 307.
\classnum@=\count90
\DOTSCASE@=\count91
LaTeX Info: Redefining \ldots on input line 379.
LaTeX Info: Redefining \dots on input line 382.
LaTeX Info: Redefining \cdots on input line 467.
\Mathstrutbox@=\box26
\strutbox@=\box27
\big@size=\dimen105
LaTeX Font Info:    Redeclaring font encoding OML on input line 567.
LaTeX Font Info:    Redeclaring font encoding OMS on input line 568.
\macc@depth=\count92
\c@MaxMatrixCols=\count93
\dotsspace@=\muskip10
\c@parentequation=\count94
\dspbrk@lvl=\count95
\tag@help=\toks15
\row@=\count96
\column@=\count97
\maxfields@=\count98
\andhelp@=\toks16
\eqnshift@=\dimen106
\alignsep@=\dimen107
\tagshift@=\dimen108
\tagwidth@=\dimen109
\totwidth@=\dimen110
\lineht@=\dimen111
\@envbody=\toks17
\multlinegap=\skip44
\multlinetaggap=\skip45
\mathdisplay@stack=\toks18
LaTeX Info: Redefining \[ on input line 2666.
LaTeX Info: Redefining \] on input line 2667.
)
(/usr/local/texlive/2009/texmf-dist/tex/latex/graphics/graphics.sty
Package: graphics 2009/02/05 v1.0o Standard LaTeX Graphics (DPC,SPQR)

(/usr/local/texlive/2009/texmf-dist/tex/latex/graphics/trig.sty
Package: trig 1999/03/16 v1.09 sin cos tan (DPC)
)
(/usr/local/texlive/2009/texmf-dist/tex/latex/latexconfig/graphics.cfg
File: graphics.cfg 2009/08/28 v1.8 graphics configuration of TeX Live
)
Package graphics Info: Driver file: pdftex.def on input line 91.

(/usr/local/texlive/2009/texmf-dist/tex/latex/pdftex-def/pdftex.def
File: pdftex.def 2009/08/25 v0.04m Graphics/color for pdfTeX
\Gread@gobject=\count99
))
(/usr/local/texlive/2009/texmf-dist/tex/latex/graphics/epsfig.sty
Package: epsfig 1999/02/16 v1.7a (e)psfig emulation (SPQR)

(/usr/local/texlive/2009/texmf-dist/tex/latex/graphics/graphicx.sty
Package: graphicx 1999/02/16 v1.0f Enhanced LaTeX Graphics (DPC,SPQR)

(/usr/local/texlive/2009/texmf-dist/tex/latex/graphics/keyval.sty
Package: keyval 1999/03/16 v1.13 key=value parser (DPC)
\KV@toks@=\toks19
)
\Gin@req@height=\dimen112
\Gin@req@width=\dimen113
)
\epsfxsize=\dimen114
\epsfysize=\dimen115
)
(/usr/local/texlive/2009/texmf-dist/tex/latex/base/latexsym.sty
Package: latexsym 1998/08/17 v2.2e Standard LaTeX package (lasy symbols)
\symlasy=\mathgroup4
LaTeX Font Info:    Overwriting symbol font `lasy' in version `bold'
(Font)                  U/lasy/m/n --> U/lasy/b/n on input line 47.
)
(/usr/local/texlive/2009/texmf-dist/tex/latex/amsfonts/amssymb.sty
Package: amssymb 2009/06/22 v3.00

(/usr/local/texlive/2009/texmf-dist/tex/latex/amsfonts/amsfonts.sty
Package: amsfonts 2009/06/22 v3.00 Basic AMSFonts support
\symAMSa=\mathgroup5
\symAMSb=\mathgroup6
LaTeX Font Info:    Overwriting math alphabet `\mathfrak' in version `bold'
(Font)                  U/euf/m/n --> U/euf/b/n on input line 96.
))
(/usr/local/texlive/2009/texmf-dist/tex/latex/graphics/color.sty
Package: color 2005/11/14 v1.0j Standard LaTeX Color (DPC)

(/usr/local/texlive/2009/texmf-dist/tex/latex/latexconfig/color.cfg
File: color.cfg 2007/01/18 v1.5 color configuration of teTeX/TeXLive
)
Package color Info: Driver file: pdftex.def on input line 130.
)
(/usr/local/texlive/2009/texmf-dist/tex/latex/ltxmisc/url.sty
\Urlmuskip=\muskip11
Package: url 2006/04/12  ver 3.3  Verb mode for urls, etc.
)
\c@theorem=\count100
\c@Theorem=\count101
\c@claim=\count102
\c@corol=\count103
\c@Corol=\count104
\c@corollary=\count105
\c@defin=\count106
\c@definition=\count107
\c@fact=\count108
\c@Fact=\count109
\c@lem=\count110
\c@lemma=\count111
\c@observation=\count112
\c@property=\count113
\c@Property=\count114
\c@proposition=\count115
\c@prop=\count116
\c@question=\count117
\c@questions=\count118
\c@quest=\count119
\c@remark=\count120
) (./B2.aux)
\openout1 = `B2.aux'.

LaTeX Font Info:    Checking defaults for OML/cmm/m/it on input line 22.
LaTeX Font Info:    ... okay on input line 22.
LaTeX Font Info:    Checking defaults for T1/cmr/m/n on input line 22.
LaTeX Font Info:    ... okay on input line 22.
LaTeX Font Info:    Checking defaults for OT1/cmr/m/n on input line 22.
LaTeX Font Info:    ... okay on input line 22.
LaTeX Font Info:    Checking defaults for OMS/cmsy/m/n on input line 22.
LaTeX Font Info:    ... okay on input line 22.
LaTeX Font Info:    Checking defaults for OMX/cmex/m/n on input line 22.
LaTeX Font Info:    ... okay on input line 22.
LaTeX Font Info:    Checking defaults for U/cmr/m/n on input line 22.
LaTeX Font Info:    ... okay on input line 22.

(/usr/local/texlive/2009/texmf-dist/tex/context/base/supp-pdf.mkii
[Loading MPS to PDF converter (version 2006.09.02).]
\scratchcounter=\count121
\scratchdimen=\dimen116
\scratchbox=\box28
\nofMPsegments=\count122
\nofMParguments=\count123
\everyMPshowfont=\toks20
\MPscratchCnt=\count124
\MPscratchDim=\dimen117
\MPnumerator=\count125
\everyMPtoPDFconversion=\toks21
) (./proposal.tex

LaTeX Warning: Citation `by-ag-98' on page 1 undefined on input line 7.


LaTeX Warning: Citation `cgal' on page 1 undefined on input line 7.


LaTeX Warning: Citation `geometrica-bcmrv-ms-06' on page 1 undefined on input l
ine 11.


LaTeX Warning: Citation `dey-csr-2007' on page 1 undefined on input line 11.


LaTeX Warning: Citation `cgal:rty-m3-11' on page 1 undefined on input line 11.


LaTeX Warning: Citation `eh-ph-2008' on page 1 undefined on input line 14.


LaTeX Warning: Citation `rg-bptd-2008' on page 1 undefined on input line 14.


LaTeX Warning: Citation `elz-tps-2002' on page 1 undefined on input line 14.


LaTeX Warning: Citation `geometrica-cseh-07' on page 1 undefined on input line 
14.

[1{/usr/local/texlive/2009/texmf-var/fonts/map/pdftex/updmap/pdftex.map}

]

LaTeX Warning: Citation `geometrica-bgo-09' on page 2 undefined on input line 1
6.


LaTeX Warning: Citation `geometrica-6743i' on page 2 undefined on input line 23
.


LaTeX Warning: Citation `st-saa-2004' on page 2 undefined on input line 23.


LaTeX Warning: Citation `hp-gaa-2011' on page 2 undefined on input line 23.

LaTeX Font Info:    Try loading font information for U+lasy on input line 24.
(/usr/local/texlive/2009/texmf-dist/tex/latex/base/ulasy.fd
File: ulasy.fd 1998/08/17 v2.2e LaTeX symbol font definitions
)
LaTeX Font Info:    Try loading font information for U+msa on input line 24.

(/usr/local/texlive/2009/texmf-dist/tex/latex/amsfonts/umsa.fd
File: umsa.fd 2009/06/22 v3.00 AMS symbols A
)
LaTeX Font Info:    Try loading font information for U+msb on input line 24.

(/usr/local/texlive/2009/texmf-dist/tex/latex/amsfonts/umsb.fd
File: umsb.fd 2009/06/22 v3.00 AMS symbols B
)

LaTeX Warning: Citation `eks-sspp-83' on page 2 undefined on input line 24.


LaTeX Warning: Citation `he-ubds-95' on page 2 undefined on input line 24.


LaTeX Warning: Citation `deSilva2008' on page 2 undefined on input line 24.


LaTeX Warning: Citation `cds-tewc-2004' on page 2 undefined on input line 24.


LaTeX Warning: Citation `geometrica-7142i' on page 2 undefined on input line 24
.


LaTeX Warning: Citation `geometrica-7142i' on page 2 undefined on input line 25
.


LaTeX Warning: Citation `nsw-fhm-2008' on page 2 undefined on input line 25.


LaTeX Warning: Citation `co-tpr-2008' on page 2 undefined on input line 25.

[2] (./wp2.tex

LaTeX Warning: Citation `avis' on page 3 undefined on input line 7.


LaTeX Warning: Citation `hornus' on page 3 undefined on input line 7.

[3] [4]

LaTeX Warning: Citation `springerflo' on page 5 undefined on input line 88.


LaTeX Warning: Citation `DBLP:journals/tog/PaoluzziBCF93' on page 5 undefined o
n input line 88.


LaTeX Warning: Citation `svy-crm-99' on page 5 undefined on input line 88.


LaTeX Warning: Citation `Brisson:1989:RGS:73833.73858' on page 5 undefined on i
nput line 90.


LaTeX Warning: Citation `DBLP:journals/ijcga/Lienhardt94' on page 5 undefined o
n input line 90.


LaTeX Warning: Citation `springerflo' on page 5 undefined on input line 96.


LaTeX Warning: Citation `Attali2011' on page 5 undefined on input line 103.


LaTeX Warning: Citation `10.1109/SFCS.1989.63533' on page 5 undefined on input 
line 120.


LaTeX Warning: Citation `Munro:2002:SRB:586840.586885' on page 5 undefined on i
nput line 120.


LaTeX Warning: Citation `Ferragina:2005:SLT:1097112.1097456' on page 5 undefine
d on input line 120.


LaTeX Warning: Citation `DBLP:conf/icalp/2003' on page 5 undefined on input lin
e 120.

[5]

LaTeX Warning: Reference `edelsbrunner' on page 6 undefined on input line 149.

Missing character: There is no â in font cmr10!
Missing character: There is no € in font cmr10!
Missing character: There is no ™ in font cmr10!
[6]
Missing character: There is no â in font cmr10!
Missing character: There is no € in font cmr10!
Missing character: There is no ™ in font cmr10!
 [7]

LaTeX Warning: Citation `cdr-mr-05' on page 8 undefined on input line 216.


LaTeX Warning: Citation `bgo-mrwc-09' on page 8 undefined on input line 218.


Overfull \hbox (4.41737pt too wide) in paragraph at lines 220--226
[]\OT1/cmr/m/n/10.95 It is not known how to com-pute the re-stricted De-lau-nay
 com-plex with-out com-put-ing the full-dimensional
 []


LaTeX Warning: Citation `cdr-mr-05' on page 8 undefined on input line 228.


LaTeX Warning: Citation `bgo-mrwc-09' on page 8 undefined on input line 236.


LaTeX Warning: Citation `bg-mrtc-10' on page 8 undefined on input line 236.


LaTeX Warning: Citation `bgo-mrwc-09' on page 8 undefined on input line 246.


LaTeX Warning: Citation `cdr-mr-05' on page 8 undefined on input line 246.


LaTeX Warning: Citation `bg-mrtc-10' on page 8 undefined on input line 254.


LaTeX Warning: Citation `vds-wdt-08' on page 8 undefined on input line 282.

[8]

LaTeX Warning: Citation `ae-wcrd-07' on page 9 undefined on input line 300.


LaTeX Warning: Citation `bgo-mrwc-09' on page 9 undefined on input line 300.


LaTeX Warning: Citation `cidsz-lbsni-08' on page 9 undefined on input line 300.



LaTeX Warning: Citation `co-tpbr-08' on page 9 undefined on input line 300.


LaTeX Warning: Citation `cds-teuwc-04' on page 9 undefined on input line 300.


LaTeX Warning: Citation `go-ruwc-08' on page 9 undefined on input line 300.


LaTeX Warning: Citation `vds-wdt-08' on page 9 undefined on input line 303.


LaTeX Warning: Citation `ae-wcrd-07' on page 9 undefined on input line 308.


LaTeX Warning: Citation `go-ruwc-08' on page 9 undefined on input line 308.


LaTeX Warning: Citation `o-ntrdwchd-07' on page 9 undefined on input line 316.


LaTeX Warning: Citation `bgo-mrwc-09' on page 9 undefined on input line 317.


LaTeX Warning: Citation `nsw-fhswhc-04' on page 9 undefined on input line 343.

[9]) (./B2.bbl [10])) [11] (./B2.aux)

LaTeX Warning: There were undefined references.


LaTeX Warning: Label(s) may have changed. Rerun to get cross-references right.

 ) 
Here is how much of TeX's memory you used:
 2211 strings out of 493848
 26147 string characters out of 3149207
 81561 words of memory out of 3000000
 5468 multiletter control sequences out of 15000+200000
 11124 words of font info for 43 fonts, out of 3000000 for 9000
 714 hyphenation exceptions out of 8191
 32i,6n,24p,1671b,234s stack positions out of 5000i,500n,10000p,200000b,50000s
</usr/local/texlive/2009/texmf-dist/fonts/type1/public/amsfonts/cm/cmbx10.pfb
></usr/local/texlive/2009/texmf-dist/fonts/type1/public/amsfonts/cm/cmbx12.pfb>
</usr/local/texlive/2009/texmf-dist/fonts/type1/public/amsfonts/cm/cmcsc10.pfb>
</usr/local/texlive/2009/texmf-dist/fonts/type1/public/amsfonts/cm/cmmi10.pfb><
/usr/local/texlive/2009/texmf-dist/fonts/type1/public/amsfonts/cm/cmmi8.pfb></u
sr/local/texlive/2009/texmf-dist/fonts/type1/public/amsfonts/cm/cmr10.pfb></usr
/local/texlive/2009/texmf-dist/fonts/type1/public/amsfonts/cm/cmr8.pfb></usr/lo
cal/texlive/2009/texmf-dist/fonts/type1/public/amsfonts/cm/cmsl10.pfb></usr/loc
al/texlive/2009/texmf-dist/fonts/type1/public/amsfonts/cm/cmsy10.pfb></usr/loca
l/texlive/2009/texmf-dist/fonts/type1/public/amsfonts/cm/cmti10.pfb></usr/local
/texlive/2009/texmf-dist/fonts/type1/public/amsfonts/symbols/msbm10.pfb>
Output written on B2.pdf (11 pages, 174204 bytes).
PDF statistics:
 82 PDF objects out of 1000 (max. 8388607)
 0 named destinations out of 1000 (max. 500000)
 1 words of extra memory for PDF output out of 10000 (max. 10000000)

