This is pdfTeX, Version 3.1415926-1.40.10 (TeX Live 2009) (format=pdflatex 2010.4.21)  6 DEC 2011 13:27
entering extended mode
 %&-line parsing enabled.
**Webdam.TechAnnex.tex
(./Webdam.TechAnnex.tex
LaTeX2e <2009/09/24>
Babel <v3.8l> and hyphenation patterns for english, usenglishmax, dumylang, noh
yphenation, german-x-2009-06-19, ngerman-x-2009-06-19, ancientgreek, ibycus, ar
abic, basque, bulgarian, catalan, pinyin, coptic, croatian, czech, danish, dutc
h, esperanto, estonian, farsi, finnish, french, galician, german, ngerman, mono
greek, greek, hungarian, icelandic, indonesian, interlingua, irish, italian, ku
rmanji, latin, latvian, lithuanian, mongolian, mongolian2a, bokmal, nynorsk, po
lish, portuguese, romanian, russian, sanskrit, serbian, slovak, slovenian, span
ish, swedish, turkish, ukenglish, ukrainian, uppersorbian, welsh, loaded.
(/usr/local/texlive/2009/texmf-dist/tex/latex/base/article.cls
Document Class: article 2007/10/19 v1.4h Standard LaTeX document class
(/usr/local/texlive/2009/texmf-dist/tex/latex/base/size11.clo
File: size11.clo 2007/10/19 v1.4h Standard LaTeX file (size option)
)
\c@part=\count79
\c@section=\count80
\c@subsection=\count81
\c@subsubsection=\count82
\c@paragraph=\count83
\c@subparagraph=\count84
\c@figure=\count85
\c@table=\count86
\abovecaptionskip=\skip41
\belowcaptionskip=\skip42
\bibindent=\dimen102
)
(/usr/local/texlive/2009/texmf-dist/tex/latex/base/latexsym.sty
Package: latexsym 1998/08/17 v2.2e Standard LaTeX package (lasy symbols)
\symlasy=\mathgroup4
LaTeX Font Info:    Overwriting symbol font `lasy' in version `bold'
(Font)                  U/lasy/m/n --> U/lasy/b/n on input line 47.
)
(/usr/local/texlive/2009/texmf-dist/tex/latex/ltxmisc/url.sty
\Urlmuskip=\muskip10
Package: url 2006/04/12  ver 3.3  Verb mode for urls, etc.
)
(/usr/local/texlive/2009/texmf-dist/tex/latex/base/fontenc.sty
Package: fontenc 2005/09/27 v1.99g Standard LaTeX package

(/usr/local/texlive/2009/texmf-dist/tex/latex/base/t1enc.def
File: t1enc.def 2005/09/27 v1.99g Standard LaTeX file
LaTeX Font Info:    Redeclaring font encoding T1 on input line 43.
))
(/usr/local/texlive/2009/texmf-dist/tex/latex/graphics/graphicx.sty
Package: graphicx 1999/02/16 v1.0f Enhanced LaTeX Graphics (DPC,SPQR)

(/usr/local/texlive/2009/texmf-dist/tex/latex/graphics/keyval.sty
Package: keyval 1999/03/16 v1.13 key=value parser (DPC)
\KV@toks@=\toks14
)
(/usr/local/texlive/2009/texmf-dist/tex/latex/graphics/graphics.sty
Package: graphics 2009/02/05 v1.0o Standard LaTeX Graphics (DPC,SPQR)

(/usr/local/texlive/2009/texmf-dist/tex/latex/graphics/trig.sty
Package: trig 1999/03/16 v1.09 sin cos tan (DPC)
)
(/usr/local/texlive/2009/texmf-dist/tex/latex/latexconfig/graphics.cfg
File: graphics.cfg 2009/08/28 v1.8 graphics configuration of TeX Live
)
Package graphics Info: Driver file: pdftex.def on input line 91.

(/usr/local/texlive/2009/texmf-dist/tex/latex/pdftex-def/pdftex.def
File: pdftex.def 2009/08/25 v0.04m Graphics/color for pdfTeX
\Gread@gobject=\count87
))
\Gin@req@height=\dimen103
\Gin@req@width=\dimen104
)
(/usr/local/texlive/2009/texmf-dist/tex/latex/base/inputenc.sty
Package: inputenc 2008/03/30 v1.1d Input encoding file
\inpenc@prehook=\toks15
\inpenc@posthook=\toks16

(/usr/local/texlive/2009/texmf-dist/tex/latex/base/latin1.def
File: latin1.def 2008/03/30 v1.1d Input encoding file
))
(/usr/local/texlive/2009/texmf-dist/tex/latex/psnfss/times.sty
Package: times 2005/04/12 PSNFSS-v9.2a (SPQR) 
)
\c@Definition=\count88


LaTeX Warning: Unused global option(s):
    [psfig].

No file Webdam.TechAnnex.aux.
\openout1 = `Webdam.TechAnnex.aux'.

LaTeX Font Info:    Checking defaults for OML/cmm/m/it on input line 29.
LaTeX Font Info:    ... okay on input line 29.
LaTeX Font Info:    Checking defaults for T1/cmr/m/n on input line 29.
LaTeX Font Info:    ... okay on input line 29.
LaTeX Font Info:    Checking defaults for OT1/cmr/m/n on input line 29.
LaTeX Font Info:    ... okay on input line 29.
LaTeX Font Info:    Checking defaults for OMS/cmsy/m/n on input line 29.
LaTeX Font Info:    ... okay on input line 29.
LaTeX Font Info:    Checking defaults for OMX/cmex/m/n on input line 29.
LaTeX Font Info:    ... okay on input line 29.
LaTeX Font Info:    Checking defaults for U/cmr/m/n on input line 29.
LaTeX Font Info:    ... okay on input line 29.
LaTeX Font Info:    Try loading font information for T1+ptm on input line 29.
(/usr/local/texlive/2009/texmf-dist/tex/latex/psnfss/t1ptm.fd
File: t1ptm.fd 2001/06/04 font definitions for T1/ptm.
)
(/usr/local/texlive/2009/texmf-dist/tex/context/base/supp-pdf.mkii
[Loading MPS to PDF converter (version 2006.09.02).]
\scratchcounter=\count89
\scratchdimen=\dimen105
\scratchbox=\box26
\nofMPsegments=\count90
\nofMParguments=\count91
\everyMPshowfont=\toks17
\MPscratchCnt=\count92
\MPscratchDim=\dimen106
\MPnumerator=\count93
\everyMPtoPDFconversion=\toks18
)
\c@temporarylemma=\count94
LaTeX Font Info:    Try loading font information for T1+pcr on input line 211.
 (/usr/local/texlive/2009/texmf-dist/tex/latex/psnfss/t1pcr.fd
File: t1pcr.fd 2001/06/04 font definitions for T1/pcr.
)
LaTeX Font Info:    External font `cmex10' loaded for size
(Font)              <10.95> on input line 211.
LaTeX Font Info:    External font `cmex10' loaded for size
(Font)              <8> on input line 211.
LaTeX Font Info:    External font `cmex10' loaded for size
(Font)              <6> on input line 211.
LaTeX Font Info:    Try loading font information for U+lasy on input line 211.

(/usr/local/texlive/2009/texmf-dist/tex/latex/base/ulasy.fd
File: ulasy.fd 1998/08/17 v2.2e LaTeX symbol font definitions
) [1

{/usr/local/texlive/2009/texmf-var/fonts/map/pdftex/updmap/pdftex.map}]
LaTeX Font Info:    Font shape `T1/ptm/bx/n' in size <14.4> not available
(Font)              Font shape `T1/ptm/b/n' tried instead on input line 241.
 (./abstractERC.tex
LaTeX Font Info:    Font shape `T1/ptm/bx/n' in size <10.95> not available
(Font)              Font shape `T1/ptm/b/n' tried instead on input line 15.
)

LaTeX Warning: Citation `Serres07' on page 2 undefined on input line 247.


LaTeX Warning: Citation `TBL01' on page 2 undefined on input line 256.


LaTeX Warning: Citation `OReilly05' on page 2 undefined on input line 257.

[2] [3]

LaTeX Warning: Citation `AHV' on page 4 undefined on input line 363.


LaTeX Warning: Citation `Ullman' on page 4 undefined on input line 363.


LaTeX Warning: Citation `OV99' on page 4 undefined on input line 364.

[4] [5]

LaTeX Warning: Citation `AP' on page 6 undefined on input line 501.

LaTeX Font Info:    Font shape `T1/ptm/bx/n' in size <12> not available
(Font)              Font shape `T1/ptm/b/n' tried instead on input line 507.

LaTeX Warning: Citation `xml' on page 6 undefined on input line 521.


LaTeX Warning: Citation `ws' on page 6 undefined on input line 522.


LaTeX Warning: Citation `tata' on page 6 undefined on input line 533.

[6]

LaTeX Warning: Citation `axml' on page 7 undefined on input line 578.


LaTeX Warning: Citation `AHV' on page 7 undefined on input line 604.


LaTeX Warning: Citation `odmg' on page 7 undefined on input line 605.


LaTeX Warning: Citation `WidomCeri96' on page 7 undefined on input line 606.


LaTeX Warning: Citation `DXQ' on page 7 undefined on input line 611.

[7] [8]
Overfull \hbox (4.5497pt too wide) in paragraph at lines 671--674
[]\T1/ptm/m/n/10.95 Deduction and rea-son-ing have been around in re-la-tional 
databases, e.g. with de-duc-tive databases.
 []


LaTeX Warning: Citation `rdf' on page 9 undefined on input line 688.


LaTeX Warning: Citation `sparql' on page 9 undefined on input line 689.


LaTeX Warning: Citation `owl' on page 9 undefined on input line 689.


LaTeX Warning: Citation `mc' on page 9 undefined on input line 717.


LaTeX Warning: Citation `tata' on page 9 undefined on input line 718.


LaTeX Warning: Citation `tl' on page 9 undefined on input line 718.


LaTeX Warning: Citation `Neven&Schwentick&Vianu04' on page 9 undefined on input
 line 728.


LaTeX Warning: Citation `JL07' on page 9 undefined on input line 728.


LaTeX Warning: Citation `BMSSD06' on page 9 undefined on input line 728.


LaTeX Warning: Citation `B+07' on page 9 undefined on input line 728.


LaTeX Warning: Citation `dagstuhl' on page 9 undefined on input line 735.


LaTeX Warning: Citation `hull+05' on page 9 undefined on input line 737.


LaTeX Warning: Citation `Vianu+06' on page 9 undefined on input line 737.

[9]

LaTeX Warning: Citation `ddb' on page 10 undefined on input line 742.


LaTeX Warning: Citation `AHV' on page 10 undefined on input line 742.

LaTeX Font Info:    Try loading font information for OMS+ptm on input line 762.

(/usr/local/texlive/2009/texmf-dist/tex/latex/psnfss/omsptm.fd
File: omsptm.fd 
)
LaTeX Font Info:    Font shape `OMS/ptm/m/n' in size <10.95> not available
(Font)              Font shape `OMS/cmsy/m/n' tried instead on input line 762.


LaTeX Warning: Citation `lixto' on page 10 undefined on input line 762.


LaTeX Warning: Citation `H+' on page 10 undefined on input line 766.


LaTeX Warning: Citation `AA05' on page 10 undefined on input line 770.

[10] [11] [12]

LaTeX Warning: Citation `AbiteboulSegoufinVianu08' on page 13 undefined on inpu
t line 933.


LaTeX Warning: Citation `tl' on page 13 undefined on input line 936.


LaTeX Warning: Citation `AbiteboulSegoufinVianu08' on page 13 undefined on inpu
t line 943.


LaTeX Warning: Citation `wikipedia' on page 13 undefined on input line 964.


LaTeX Warning: Citation `NigamCaswell' on page 13 undefined on input line 973.

[13] [14]

LaTeX Warning: Citation `dell' on page 15 undefined on input line 1067.


LaTeX Warning: Citation `demo:p2pm' on page 15 undefined on input line 1082.

[15] [16] (./Webdam.TechAnnex.aux)

LaTeX Warning: There were undefined references.

 ) 
Here is how much of TeX's memory you used:
 1520 strings out of 493848
 18314 string characters out of 3149207
 68811 words of memory out of 3000000
 4799 multiletter control sequences out of 15000+200000
 31941 words of font info for 46 fonts, out of 3000000 for 9000
 714 hyphenation exceptions out of 8191
 25i,5n,21p,253b,230s stack positions out of 5000i,500n,10000p,200000b,50000s
{/usr/local/texlive/2009/texmf-dist/fonts/enc/dvips/base/8r.enc}</usr/local/t
exlive/2009/texmf-dist/fonts/type1/public/amsfonts/cm/cmsy10.pfb></usr/local/te
xlive/2009/texmf-dist/fonts/type1/urw/courier/ucrr8a.pfb></usr/local/texlive/20
09/texmf-dist/fonts/type1/urw/times/utmb8a.pfb></usr/local/texlive/2009/texmf-d
ist/fonts/type1/urw/times/utmr8a.pfb></usr/local/texlive/2009/texmf-dist/fonts/
type1/urw/times/utmr8a.pfb></usr/local/texlive/2009/texmf-dist/fonts/type1/urw/
times/utmri8a.pfb>
Output written on Webdam.TechAnnex.pdf (16 pages, 123209 bytes).
PDF statistics:
 79 PDF objects out of 1000 (max. 8388607)
 0 named destinations out of 1000 (max. 500000)
 1 words of extra memory for PDF output out of 10000 (max. 10000000)

